proguard/seeds.txt
net.muik.fbsearch.MainActivity
...
android.support.v4.widget.CursorAdapter$1
android.support.v4.view.VelocityTrackerCompat$HoneycombVelocityTrackerVersionImpl
android.support.v4.view.VelocityTrackerCompat$HoneycombVelocityTrackerVersionImpl: VelocityTrackerCompat$HoneycombVelocityTrackerVersionImpl()
android.support.v4.view.VelocityTrackerCompat$HoneycombVelocityTrackerVersionImpl: float getXVelocity(android.view.VelocityTracker,int)
android.support.v4.view.VelocityTrackerCompat$HoneycombVelocityTrackerVersionImpl: float getYVelocity(android.view.VelocityTracker,int)
android.support.v4.view.ViewCompat$GBViewCompatImpl
android.support.v4.view.ViewCompat$GBViewCompatImpl: ViewCompat$GBViewCompatImpl()
android.support.v4.view.ViewCompat$GBViewCompatImpl: int getOverScrollMode(android.view.View)
android.support.v4.view.ViewCompat$GBViewCompatImpl: void setOverScrollMode(android.view.View,int)
android.support.v4.view.ViewCompat$BaseViewCompatImpl: ViewCompat$BaseViewCompatImpl()
android.support.v4.view.ViewCompat$BaseViewCompatImpl: boolean canScrollHorizontally(android.view.View,int)
android.support.v4.view.ViewCompat$BaseViewCompatImpl: boolean canScrollVertically(android.view.View,int)
android.support.v4.view.ViewCompat$BaseViewCompatImpl: int getOverScrollMode(android.view.View)
android.support.v4.view.ViewCompat$BaseViewCompatImpl: void setOverScrollMode(android.view.View,int)
android.support.v4.view.ViewCompat$BaseViewCompatImpl: void setAccessibilityDelegate(android.view.View,android.support.v4.view.AccessibilityDelegateCompat)
android.support.v4.view.ViewCompat$BaseViewCompatImpl: void onPopulateAccessibilityEvent(android.view.View,android.view.accessibility.AccessibilityEvent)
android.support.v4.view.ViewCompat$BaseViewCompatImpl: void onInitializeAccessibilityEvent(android.view.View,android.view.accessibility.AccessibilityEvent)
android.support.v4.view.ViewCompat$BaseViewCompatImpl: void onInitializeAccessibilityNodeInfo(android.view.View,android.support.v4.view.accessibility.AccessibilityNodeInfoCompat)
android.support.v4.view.MotionEventCompatEclair
android.support.v4.view.MotionEventCompatEclair: MotionEventCompatEclair()
android.support.v4.view.MotionEventCompatEclair: int findPointerIndex(android.view.MotionEvent,int)
android.support.v4.view.MotionEventCompatEclair: int getPointerId(android.view.MotionEvent,int)
android.support.v4.view.MotionEventCompatEclair: float getX(android.view.MotionEvent,int)
android.support.v4.view.MotionEventCompatEclair: float getY(android.view.MotionEvent,int)
android.support.v4.content.ModernAsyncTask$4
android.support.v4.content.ModernAsyncTask$4: int[] $SwitchMap$android$support$v4$content$ModernAsyncTask$Status
android.support.v4.content.ModernAsyncTask$4: void <clinit>()
android.support.v4.view.accessibility.AccessibilityEventCompat$AccessibilityEventVersionImpl
android.support.v4.view.accessibility.AccessibilityEventCompat$AccessibilityEventVersionImpl: int getRecordCount(android.view.accessibility.AccessibilityEvent)
android.support.v4.view.accessibility.AccessibilityEventCompat$AccessibilityEventVersionImpl: void appendRecord(android.view.accessibility.AccessibilityEvent,java.lang.Object)
android.support.v4.view.accessibility.AccessibilityEventCompat$AccessibilityEventVersionImpl: java.lang.Object getRecord(android.view.accessibility.AccessibilityEvent,int)
android.support.v4.content.ModernAsyncTask$3
android.support.v4.content.ModernAsyncTask$3: android.support.v4.content.ModernAsyncTask this$0
android.support.v4.content.ModernAsyncTask$3: ModernAsyncTask$3(android.support.v4.content.ModernAsyncTask,java.util.concurrent.Callable)
android.support.v4.content.ModernAsyncTask$3: void done()
android.support.v4.content.ModernAsyncTask$2
android.support.v4.content.ModernAsyncTask$2: android.support.v4.content.ModernAsyncTask this$0
android.support.v4.content.ModernAsyncTask$2: ModernAsyncTask$2(android.support.v4.content.ModernAsyncTask)
android.support.v4.content.ModernAsyncTask$2: java.lang.Object call()