proguard/mapping.txt
net.muik.fbsearch.BasicWebViewClient -> net.muik.fbsearch.e:
    net.muik.android.loading.Loading mLoading -> a
    boolean shouldOverrideUrlLoading(android.webkit.WebView,java.lang.String) -> shouldOverrideUrlLoading
    void onPageStarted(android.webkit.WebView,java.lang.String,android.graphics.Bitmap) -> onPageStarted
    void onPageFinished(android.webkit.WebView,java.lang.String) -> onPageFinished
net.muik.fbsearch.MainActivity -> net.muik.fbsearch.MainActivity:
    void onCreate(android.os.Bundle) -> onCreate
net.muik.fbsearch.MainFragment -> net.muik.fbsearch.c:
    com.google.android.apps.analytics.GoogleAnalyticsTracker tracker -> a
    void onCreate(android.os.Bundle) -> onCreate
    android.view.View onCreateView(android.view.LayoutInflater,android.view.ViewGroup,android.os.Bundle) -> onCreateView
    void onActivityCreated(android.os.Bundle) -> onActivityCreated
    void onDestroy() -> onDestroy
net.muik.fbsearch.WebViewLoader -> net.muik.fbsearch.f:
    android.webkit.WebView mWebView -> a
    void onStartLoading() -> onStartLoading
    void forceLoad() -> forceLoad
    void reset() -> reset
net.muik.fbsearch.WebViewLoader$1 -> net.muik.fbsearch.a:
    net.muik.fbsearch.WebViewLoader this$0 -> a
    void onReachedMaxAppCacheSize(long,long,android.webkit.WebStorage$QuotaUpdater) -> onReachedMaxAppCacheSize
net.muik.fbsearch.WebViewLoader$2 -> net.muik.fbsearch.b:
    net.muik.fbsearch.WebViewLoader this$0 -> a
    boolean onTouch(android.view.View,android.view.MotionEvent) -> onTouch
net.muik.fbsearch.WebViewLoaderCallbacks -> net.muik.fbsearch.d:
    android.support.v4.app.Fragment mFragment -> a
    net.muik.android.loading.Loading mLoading -> b
    android.support.v4.content.Loader onCreateLoader(int,android.os.Bundle) -> onCreateLoader
    void onLoaderReset(android.support.v4.content.Loader) -> onLoaderReset
    void onLoadFinished(android.support.v4.content.Loader,java.lang.Object) -> onLoadFinished
...
android.support.v4.app.FragmentState$1 -> android.support.v4.app.FragmentState$1:
    android.support.v4.app.FragmentState createFromParcel(android.os.Parcel) -> createFromParcel
    android.support.v4.app.FragmentState[] newArray(int) -> newArray
    java.lang.Object[] newArray(int) -> newArray
    java.lang.Object createFromParcel(android.os.Parcel) -> createFromParcel
android.support.v4.app.FragmentStatePagerAdapter -> android.support.v4.app.FragmentStatePagerAdapter:
    java.lang.String TAG -> TAG
    boolean DEBUG -> DEBUG
    android.support.v4.app.FragmentManager mFragmentManager -> mFragmentManager
    android.support.v4.app.FragmentTransaction mCurTransaction -> mCurTransaction
    java.util.ArrayList mSavedState -> mSavedState
    java.util.ArrayList mFragments -> mFragments
    android.support.v4.app.Fragment mCurrentPrimaryItem -> mCurrentPrimaryItem
    android.support.v4.app.Fragment getItem(int) -> getItem
    void startUpdate(android.view.ViewGroup) -> startUpdate
    java.lang.Object instantiateItem(android.view.ViewGroup,int) -> instantiateItem
    void destroyItem(android.view.ViewGroup,int,java.lang.Object) -> destroyItem
    void setPrimaryItem(android.view.ViewGroup,int,java.lang.Object) -> setPrimaryItem
    void finishUpdate(android.view.ViewGroup) -> finishUpdate
    boolean isViewFromObject(android.view.View,java.lang.Object) -> isViewFromObject
    android.os.Parcelable saveState() -> saveState
    void restoreState(android.os.Parcelable,java.lang.ClassLoader) -> restoreState
android.support.v4.app.FragmentTransaction -> android.support.v4.app.FragmentTransaction:
    int TRANSIT_ENTER_MASK -> TRANSIT_ENTER_MASK
    int TRANSIT_EXIT_MASK -> TRANSIT_EXIT_MASK
    int TRANSIT_UNSET -> TRANSIT_UNSET
    int TRANSIT_NONE -> TRANSIT_NONE
    int TRANSIT_FRAGMENT_OPEN -> TRANSIT_FRAGMENT_OPEN
    int TRANSIT_FRAGMENT_CLOSE -> TRANSIT_FRAGMENT_CLOSE
    int TRANSIT_FRAGMENT_FADE -> TRANSIT_FRAGMENT_FADE
    android.support.v4.app.FragmentTransaction add(android.support.v4.app.Fragment,java.lang.String) -> add
    android.support.v4.app.FragmentTransaction add(int,android.support.v4.app.Fragment) -> add
    android.support.v4.app.FragmentTransaction add(int,android.support.v4.app.Fragment,java.lang.String) -> add
    android.support.v4.app.FragmentTransaction replace(int,android.support.v4.app.Fragment) -> replace
    android.support.v4.app.FragmentTransaction replace(int,android.support.v4.app.Fragment,java.lang.String) -> replace
    android.support.v4.app.FragmentTransaction remove(android.support.v4.app.Fragment) -> remove
    android.support.v4.app.FragmentTransaction hide(android.support.v4.app.Fragment) -> hide
    android.support.v4.app.FragmentTransaction show(android.support.v4.app.Fragment) -> show
    android.support.v4.app.FragmentTransaction detach(android.support.v4.app.Fragment) -> detach
    android.support.v4.app.FragmentTransaction attach(android.support.v4.app.Fragment) -> attach
    boolean isEmpty() -> isEmpty
android.support.v4.app.HCSparseArray -> android.support.v4.app.HCSparseArray:
    java.lang.Object DELETED -> DELETED
    boolean mGarbage -> mGarbage
    int[] mKeys -> mKeys
    java.lang.Object[] mValues -> mValues
    int mSize -> mSize
    java.lang.Object get(int) -> get
    java.lang.Object get(int,java.lang.Object) -> get
    void delete(int) -> delete
    void remove(int) -> remove
    void removeAt(int) -> removeAt
    void gc() -> gc
    void put(int,java.lang.Object) -> put
    int size() -> size
    int keyAt(int) -> keyAt
    java.lang.Object valueAt(int) -> valueAt
    void setValueAt(int,java.lang.Object) -> setValueAt
    int indexOfKey(int) -> indexOfKey
    int indexOfValue(java.lang.Object) -> indexOfValue
    void clear() -> clear
    void append(int,java.lang.Object) -> append
    int binarySearch(int[],int,int,int) -> binarySearch
    int idealByteArraySize(int) -> idealByteArraySize
    int idealIntArraySize(int) -> idealIntArraySize