proguard/usage.txt
net.muik.fbsearch.R
net.muik.fbsearch.R$attr
net.muik.fbsearch.R$drawable
net.muik.fbsearch.R$id
net.muik.fbsearch.R$layout
net.muik.fbsearch.R$string
...
com.google.android.apps.analytics.AnalyticsReceiver:
    static final java.lang.String INSTALL_ACTION
    static final java.lang.String REFERRER_KEY
com.google.android.apps.analytics.CustomVariable:
    public static final int MAX_CUSTOM_VARIABLES
    public static final java.lang.String INDEX_ERROR_MSG
    public static final int VISITOR_SCOPE
    public static final int SESSION_SCOPE
    public static final int PAGE_SCOPE
    public static final int MAX_CUSTOM_VARIABLE_LENGTH
    public CustomVariable(int,java.lang.String,java.lang.String)
com.google.android.apps.analytics.Dispatcher:
    public abstract boolean isDryRun()
com.google.android.apps.analytics.Event:
    static final java.lang.String PAGEVIEW_EVENT_CATEGORY
    static final java.lang.String INSTALL_EVENT_CATEGORY
    static final java.lang.String TRANSACTION_CATEGORY
    static final java.lang.String ITEM_CATEGORY
com.google.android.apps.analytics.GoogleAnalyticsTracker:
    public static final java.lang.String PRODUCT
    public static final java.lang.String VERSION
    public static final java.lang.String WIRE_VERSION
    public static final java.lang.String LOG_TAG
    public void start(java.lang.String,int,android.content.Context)
    public void start(java.lang.String,android.content.Context)
    com.google.android.apps.analytics.Dispatcher getDispatcher()
    public void setProductVersion(java.lang.String,java.lang.String)
    public void trackEvent(java.lang.String,java.lang.String,java.lang.String,int)
    void setAdHitIdGenerator(com.google.android.apps.analytics.AdHitIdGenerator)
    void returnToInitialState()
    java.lang.String getVisitorIdForAds()
    java.lang.String getSessionIdForAds()
    com.google.android.apps.analytics.HitStore getHitStore()
    public boolean setCustomVar(int,java.lang.String,java.lang.String,int)
    public boolean setCustomVar(int,java.lang.String,java.lang.String)
    public java.lang.String getVisitorCustomVar(int)
    public void addTransaction(com.google.android.apps.analytics.Transaction)
    public void addItem(com.google.android.apps.analytics.Item)
    public void trackTransactions()
    public void clearTransactions()
    public void setAnonymizeIp(boolean)
    public boolean getAnonymizeIp()
    public void setUseServerTime(boolean)
    public void setSampleRate(int)
    public int getSampleRate()
com.google.android.apps.analytics.HitBuilder:
    private static final java.lang.String GOOGLE_ANALYTICS_GIF_PATH
    static final java.lang.String FAKE_DOMAIN_HASH
    private static final int X10_PROJECT_NAMES
    private static final int X10_PROJECT_VALUES
    private static final int X10_PROJECT_SCOPES
com.google.android.apps.analytics.HitStore:
    public abstract com.google.android.apps.analytics.Hit[] peekHits(int)
    public abstract int getStoreId()
    public abstract java.lang.String getVisitorId()
    public abstract java.lang.String getSessionId()
    public abstract com.google.android.apps.analytics.Referrer getReferrer()
    public abstract void clearReferrer()
    public abstract void loadExistingSession()
    public abstract java.lang.String getVisitorCustomVar(int)
com.google.android.apps.analytics.NetworkDispatcher:
    private static final java.lang.String GOOGLE_ANALYTICS_HOST_NAME
    private static final int GOOGLE_ANALYTICS_HOST_PORT
    private static final int MAX_GET_LENGTH
    private static final int MAX_POST_LENGTH
    private static final java.lang.String USER_AGENT_TEMPLATE
    private static final int MAX_EVENTS_PER_PIPELINE
    private static final int MAX_SEQUENTIAL_REQUESTS
    private static final long MIN_RETRY_INTERVAL
    public void init(com.google.android.apps.analytics.Dispatcher$Callbacks,com.google.android.apps.analytics.PipelinedRequester,com.google.android.apps.analytics.HitStore)
    void waitForThreadLooper()
    java.lang.String getUserAgent()